********************************************************************************
DUPLICATOR-LITE PACKAGE-LOG: March 1, 2024 6:16 am
NOTICE: Do NOT post to public sites or forums 
********************************************************************************
VERSION:	1.5.8.1
WORDPRESS:	6.4.3
PHP INFO:	8.2.12 | SAPI: apache2handler
SERVER:		Apache/2.4.58 (Win64) OpenSSL/3.1.3 PHP/8.2.12 
PHP TIME LIMIT: (0) no time limit imposed 
PHP MAX MEMORY: 4294967296 (512M default) 
MEMORY STACK: 54MB
[CTRL DUP ARCIVE] PACKAGE AS NEW ID 2 SAVED | STATUS:0
[DUP ARCHIVE] BUILDING DATABASE

********************************************************************************
DATABASE:
********************************************************************************
BUILD MODE:   MYSQLDUMP
MYSQLTIMEOUT: 5000
MYSQLDUMP:    Is Supported
SQL CREATED: 20240301_bernhysalterations_840c831a7467eb5c7757_20240301061606_database.sql
SQL FILE SIZE: 11.53MB (12087754)
SQL FILE TIME: 2024-03-01 06:16:41
SQL RUNTIME: 15.05 sec.
[DUP ARCHIVE] VALIDATING DATABASE
[DUP ARCHIVE] DONE DATABASE

********************************************************************************
ARCHIVE Type=DUP Mode=DupArchive
********************************************************************************
ARCHIVE DIR:  C:/xampp/htdocs/bernhysalterations
ARCHIVE FILE: 20240301_bernhysalterations_840c831a7467eb5c7757_20240301061606_archive.daf
FILTERS: *OFF*
DIRS:
	not set
FILES:
	not set
EXTS:  not set
----------------------------------------
COMPRESSING
SIZE:	160.82MB
STATS:	Dirs 1,103 | Files 5,507 | Total 6,610
[DUP ARCHIVE] DONE ARCHIVE
[DUP ARCHIVE] DONE ARCHIVE
[DUP ARCHIVE] DONE ARCHIVE
[DUP ARCHIVE] DONE ARCHIVE
[DUP ARCHIVE] DONE ARCHIVE
[DUP ARCHIVE] DONE ARCHIVE
[DUP ARCHIVE] DONE ARCHIVE
[DUP ARCHIVE] DONE ARCHIVE
[DUP ARCHIVE] DONE ARCHIVE
[DUP ARCHIVE] DONE ARCHIVE
[DUP ARCHIVE] DONE ARCHIVE
building installer
[DUP ARCHIVE] DONE ARCHIVE
COMPRESSED SIZE: 52.59MB
ARCHIVE RUNTIME: 137.45 sec.
MEMORY STACK: 58MB
CREATE WARNINGS: No warnings.
VALIDATION WARNINGS: No warnings.
[DUP ARCHIVE] DONE ARCHIVE
[DUP ARCHIVE] HAS COMPLETED CLOSING
[DUP ARCHIVE] DUP ARCHIVE INTEGRITY CHECK

********************************************************************************
INTEGRITY CHECKS:
********************************************************************************
SQL FILE: 11.53MB
INSTALLER FILE: 94.82KB
ARCHIVE FILE: 52.59MB 
EXPECTED FILE/DIRECTORY COUNT: 7,349
ACTUAL FILE/DIRECTORY COUNT: 7,350

********************************************************************************
RECORD ID:[2]
TOTAL PROCESS RUNTIME: 137.46 sec.
PEAK PHP MEMORY USED: 58MB
DONE PROCESSING => 20240301_bernhysalterations 2024-03-01 06:18:43

