********************************************************************************
DUPLICATOR-LITE PACKAGE-LOG: March 1, 2024 4:00 am
NOTICE: Do NOT post to public sites or forums 
********************************************************************************
VERSION:	1.5.8.1
WORDPRESS:	6.4.3
PHP INFO:	8.2.12 | SAPI: apache2handler
SERVER:		Apache/2.4.58 (Win64) OpenSSL/3.1.3 PHP/8.2.12 
PHP TIME LIMIT: (0) no time limit imposed 
PHP MAX MEMORY: 4294967296 (512M default) 
MEMORY STACK: 54MB
[CTRL DUP ARCIVE] PACKAGE AS NEW ID 1 SAVED | STATUS:0
[DUP ARCHIVE] BUILDING DATABASE

********************************************************************************
DATABASE:
********************************************************************************
BUILD MODE:   MYSQLDUMP
MYSQLTIMEOUT: 5000
MYSQLDUMP:    Is Supported
SQL CREATED: 20240301_bernhysalterations_db6143e411bfc9336101_20240301035959_database.sql
SQL FILE SIZE: 11.39MB (11942077)
SQL FILE TIME: 2024-03-01 04:00:20
SQL RUNTIME: 13.69 sec.
[DUP ARCHIVE] VALIDATING DATABASE
[DUP ARCHIVE] DONE DATABASE

********************************************************************************
ARCHIVE Type=DUP Mode=DupArchive
********************************************************************************
ARCHIVE DIR:  C:/xampp/htdocs/bernhysalterations
ARCHIVE FILE: 20240301_bernhysalterations_db6143e411bfc9336101_20240301035959_archive.daf
FILTERS: *OFF*
DIRS:
	not set
FILES:
	not set
EXTS:  not set
----------------------------------------
COMPRESSING
SIZE:	160.82MB
STATS:	Dirs 1,103 | Files 5,507 | Total 6,610
[DUP ARCHIVE] DONE ARCHIVE
building installer
[DUP ARCHIVE] DONE ARCHIVE
COMPRESSED SIZE: 52.57MB
ARCHIVE RUNTIME: 22.16 sec.
MEMORY STACK: 58MB
CREATE WARNINGS: No warnings.
VALIDATION WARNINGS: No warnings.
[DUP ARCHIVE] DONE ARCHIVE
[DUP ARCHIVE] HAS COMPLETED CLOSING
[DUP ARCHIVE] DUP ARCHIVE INTEGRITY CHECK

********************************************************************************
INTEGRITY CHECKS:
********************************************************************************
SQL FILE: 11.39MB
INSTALLER FILE: 94.82KB
ARCHIVE FILE: 52.57MB 
EXPECTED FILE/DIRECTORY COUNT: 7,349
ACTUAL FILE/DIRECTORY COUNT: 7,350

********************************************************************************
RECORD ID:[1]
TOTAL PROCESS RUNTIME: 22.17 sec.
PEAK PHP MEMORY USED: 58MB
DONE PROCESSING => 20240301_bernhysalterations 2024-03-01 04:00:29

